0 info it worked if it ends with ok
1 verbose cli [ '/usr/bin/node', '/usr/bin/npm', 'run', 'start' ]
2 info using npm@3.10.10
3 info using node@v6.12.0
4 verbose run-script [ 'prestart', 'start', 'poststart' ]
5 info lifecycle webpack.react-hot-loader@1.0.0~prestart: webpack.react-hot-loader@1.0.0
6 silly lifecycle webpack.react-hot-loader@1.0.0~prestart: no script for prestart, continuing
7 info lifecycle webpack.react-hot-loader@1.0.0~start: webpack.react-hot-loader@1.0.0
8 verbose lifecycle webpack.react-hot-loader@1.0.0~start: unsafe-perm in lifecycle true
9 verbose lifecycle webpack.react-hot-loader@1.0.0~start: PATH: /usr/lib/node_modules/npm/bin/node-gyp-bin:/mnt/c/Users/Aaron/Projects/mtvc/node_modules/.bin:/usr/local/sbin:/usr/local/bin:/usr/sbin:/usr/bin:/sbin:/bin:/usr/games:/usr/local/games:/mnt/c/Windows/System32:/mnt/c/Windows:/mnt/c/Windows/System32/wbem:/mnt/c/Windows/System32/WindowsPowerShell/v1.0:/mnt/c/Program Files/PuTTY:/mnt/c/Program Files/nodejs:/mnt/c/Program Files/Git/cmd:/mnt/c/Users/Aaron/AppData/Local/Microsoft/WindowsApps:/mnt/c/Users/Aaron/AppData/Local/atom/bin:/mnt/c/Users/Aaron/AppData/Roaming/npm
10 verbose lifecycle webpack.react-hot-loader@1.0.0~start: CWD: /mnt/c/Users/Aaron/Projects/mtvc
11 silly lifecycle webpack.react-hot-loader@1.0.0~start: Args: [ '-c', 'node browserSync.js' ]
12 silly lifecycle webpack.react-hot-loader@1.0.0~start: Returned: code: 1  signal: null
13 info lifecycle webpack.react-hot-loader@1.0.0~start: Failed to exec start script
14 verbose stack Error: webpack.react-hot-loader@1.0.0 start: `node browserSync.js`
14 verbose stack Exit status 1
14 verbose stack     at EventEmitter.<anonymous> (/usr/lib/node_modules/npm/lib/utils/lifecycle.js:255:16)
14 verbose stack     at emitTwo (events.js:106:13)
14 verbose stack     at EventEmitter.emit (events.js:191:7)
14 verbose stack     at ChildProcess.<anonymous> (/usr/lib/node_modules/npm/lib/utils/spawn.js:40:14)
14 verbose stack     at emitTwo (events.js:106:13)
14 verbose stack     at ChildProcess.emit (events.js:191:7)
14 verbose stack     at maybeClose (internal/child_process.js:920:16)
14 verbose stack     at Process.ChildProcess._handle.onexit (internal/child_process.js:230:5)
15 verbose pkgid webpack.react-hot-loader@1.0.0
16 verbose cwd /mnt/c/Users/Aaron/Projects/mtvc
17 error Linux 4.4.0-43-Microsoft
18 error argv "/usr/bin/node" "/usr/bin/npm" "run" "start"
19 error node v6.12.0
20 error npm  v3.10.10
21 error code ELIFECYCLE
22 error webpack.react-hot-loader@1.0.0 start: `node browserSync.js`
22 error Exit status 1
23 error Failed at the webpack.react-hot-loader@1.0.0 start script 'node browserSync.js'.
23 error Make sure you have the latest version of node.js and npm installed.
23 error If you do, this is most likely a problem with the webpack.react-hot-loader package,
23 error not with npm itself.
23 error Tell the author that this fails on your system:
23 error     node browserSync.js
23 error You can get information on how to open an issue for this project with:
23 error     npm bugs webpack.react-hot-loader
23 error Or if that isn't available, you can get their info via:
23 error     npm owner ls webpack.react-hot-loader
23 error There is likely additional logging output above.
24 verbose exit [ 1, true ]
